<?xml version="1.0" encoding="UTF-8"?>
<testng-results ignored="0" total="4" passed="2" failed="2" skipped="0">
  <reporter-output>
  </reporter-output>
  <suite started-at="2026-04-29T21:17:08 IST" name="Suite" finished-at="2026-04-29T21:17:36 IST" duration-ms="28231">
    <groups>
    </groups>
    <test started-at="2026-04-29T21:17:08 IST" name="Test" finished-at="2026-04-29T21:17:36 IST" duration-ms="28231">
      <class name="com.tests.DashboardTestsDM">
        <test-method is-config="true" signature="setup()[pri:0, instance:com.tests.DashboardTestsDM@5ddf0d24]" started-at="2026-04-29T21:17:16 IST" name="setup" finished-at="2026-04-29T21:17:20 IST" duration-ms="4408" status="PASS">
          <reporter-output>
          </reporter-output>
        </test-method> <!-- setup -->
        <test-method signature="dashBoardTestvalid(java.lang.String,java.lang.String)[pri:1, instance:com.tests.DashboardTestsDM@5ddf0d24]" started-at="2026-04-29T21:17:20 IST" name="dashBoardTestvalid" data-provider="valid" finished-at="2026-04-29T21:17:27 IST" duration-ms="6952" status="PASS">
          <params>
            <param index="0">
              <value>
                <![CDATA[admin]]>
              </value>
            </param>
            <param index="1">
              <value>
                <![CDATA[admin]]>
              </value>
            </param>
          </params>
          <reporter-output>
          </reporter-output>
        </test-method> <!-- dashBoardTestvalid -->
        <test-method is-config="true" signature="turnDown()[pri:0, instance:com.tests.DashboardTestsDM@5ddf0d24]" started-at="2026-04-29T21:17:27 IST" name="turnDown" finished-at="2026-04-29T21:17:28 IST" duration-ms="240" status="PASS">
          <reporter-output>
          </reporter-output>
        </test-method> <!-- turnDown -->
        <test-method is-config="true" signature="setup()[pri:0, instance:com.tests.DashboardTestsDM@5ddf0d24]" started-at="2026-04-29T21:17:28 IST" name="setup" finished-at="2026-04-29T21:17:35 IST" duration-ms="7135" status="PASS">
          <reporter-output>
          </reporter-output>
        </test-method> <!-- setup -->
        <test-method is-config="true" signature="setup()[pri:0, instance:com.tests.DashboardTestsDM@5ddf0d24]" started-at="2026-04-29T21:17:28 IST" name="setup" finished-at="2026-04-29T21:17:33 IST" duration-ms="4849" status="PASS">
          <reporter-output>
          </reporter-output>
        </test-method> <!-- setup -->
        <test-method signature="dashBoardTestinvalid(java.lang.String,java.lang.String)[pri:2, instance:com.tests.DashboardTestsDM@5ddf0d24]" started-at="2026-04-29T21:17:33 IST" name="dashBoardTestinvalid" data-provider="invalid" finished-at="2026-04-29T21:17:33 IST" duration-ms="7" status="FAIL">
          <params>
            <param index="0">
              <value>
                <![CDATA[admin]]>
              </value>
            </param>
            <param index="1">
              <value>
                <![CDATA[youtube]]>
              </value>
            </param>
          </params>
          <exception class="java.lang.Error">
            <message>
              <![CDATA[Unresolved compilation problem: 
The method aleIsPresent() is undefined for the type ExpectedConditions
]]>
            </message>
            <full-stacktrace>
              <![CDATA[java.lang.Error: Unresolved compilation problem: 
The method aleIsPresent() is undefined for the type ExpectedConditions

at com.tests.DashboardTestsDM.dashBoardTestinvalid(DashboardTestsDM.java:59)
at java.base/jdk.internal.reflect.DirectMethodHandleAccessor.invoke(DirectMethodHandleAccessor.java:103)
at java.base/java.lang.reflect.Method.invoke(Method.java:580)
at org.testng.internal.invokers.MethodInvocationHelper.invokeMethod(MethodInvocationHelper.java:141)
at org.testng.internal.invokers.TestInvoker.invokeMethod(TestInvoker.java:697)
at org.testng.internal.invokers.TestInvoker.invokeTestMethod(TestInvoker.java:230)
at org.testng.internal.invokers.TestMethodWithDataProviderMethodWorker.call(TestMethodWithDataProviderMethodWorker.java:81)
at org.testng.internal.thread.Async$AsyncTask.run(Async.java:34)
at java.base/java.util.concurrent.ThreadPoolExecutor.runWorker(ThreadPoolExecutor.java:1144)
at java.base/java.util.concurrent.ThreadPoolExecutor$Worker.run(ThreadPoolExecutor.java:642)
at java.base/java.lang.Thread.run(Thread.java:1583)
]]>
            </full-stacktrace>
          </exception> <!-- java.lang.Error -->
          <reporter-output>
          </reporter-output>
        </test-method> <!-- dashBoardTestinvalid -->
        <test-method is-config="true" signature="turnDown()[pri:0, instance:com.tests.DashboardTestsDM@5ddf0d24]" started-at="2026-04-29T21:17:34 IST" name="turnDown" finished-at="2026-04-29T21:17:34 IST" duration-ms="526" status="PASS">
          <reporter-output>
          </reporter-output>
        </test-method> <!-- turnDown -->
        <test-method signature="dashBoardTestinvalid(java.lang.String,java.lang.String)[pri:2, instance:com.tests.DashboardTestsDM@5ddf0d24]" started-at="2026-04-29T21:17:35 IST" name="dashBoardTestinvalid" data-provider="invalid" finished-at="2026-04-29T21:17:35 IST" duration-ms="4" status="FAIL">
          <params>
            <param index="0">
              <value>
                <![CDATA[logjer]]>
              </value>
            </param>
            <param index="1">
              <value>
                <![CDATA[admin]]>
              </value>
            </param>
          </params>
          <exception class="java.lang.Error">
            <message>
              <![CDATA[Unresolved compilation problem: 
The method aleIsPresent() is undefined for the type ExpectedConditions
]]>
            </message>
            <full-stacktrace>
              <![CDATA[java.lang.Error: Unresolved compilation problem: 
The method aleIsPresent() is undefined for the type ExpectedConditions

at com.tests.DashboardTestsDM.dashBoardTestinvalid(DashboardTestsDM.java:59)
at java.base/jdk.internal.reflect.DirectMethodHandleAccessor.invoke(DirectMethodHandleAccessor.java:103)
at java.base/java.lang.reflect.Method.invoke(Method.java:580)
at org.testng.internal.invokers.MethodInvocationHelper.invokeMethod(MethodInvocationHelper.java:141)
at org.testng.internal.invokers.TestInvoker.invokeMethod(TestInvoker.java:697)
at org.testng.internal.invokers.TestInvoker.invokeTestMethod(TestInvoker.java:230)
at org.testng.internal.invokers.TestMethodWithDataProviderMethodWorker.call(TestMethodWithDataProviderMethodWorker.java:81)
at org.testng.internal.thread.Async$AsyncTask.run(Async.java:34)
at java.base/java.util.concurrent.ThreadPoolExecutor.runWorker(ThreadPoolExecutor.java:1144)
at java.base/java.util.concurrent.ThreadPoolExecutor$Worker.run(ThreadPoolExecutor.java:642)
at java.base/java.lang.Thread.run(Thread.java:1583)
]]>
            </full-stacktrace>
          </exception> <!-- java.lang.Error -->
          <reporter-output>
          </reporter-output>
        </test-method> <!-- dashBoardTestinvalid -->
        <test-method is-config="true" signature="turnDown()[pri:0, instance:com.tests.DashboardTestsDM@5ddf0d24]" started-at="2026-04-29T21:17:36 IST" name="turnDown" finished-at="2026-04-29T21:17:36 IST" duration-ms="386" status="PASS">
          <reporter-output>
          </reporter-output>
        </test-method> <!-- turnDown -->
      </class> <!-- com.tests.DashboardTestsDM -->
      <class name="com.tests.LoginTestsDM">
        <test-method is-config="true" signature="setup()[pri:0, instance:com.tests.LoginTestsDM@524f3b3a]" started-at="2026-04-29T21:17:08 IST" name="setup" finished-at="2026-04-29T21:17:13 IST" duration-ms="5419" status="PASS">
          <reporter-output>
          </reporter-output>
        </test-method> <!-- setup -->
        <test-method signature="landingPageTest()[pri:0, instance:com.tests.LoginTestsDM@524f3b3a]" started-at="2026-04-29T21:17:13 IST" name="landingPageTest" finished-at="2026-04-29T21:17:13 IST" duration-ms="214" status="PASS">
          <reporter-output>
          </reporter-output>
        </test-method> <!-- landingPageTest -->
        <test-method is-config="true" signature="turnDown()[pri:0, instance:com.tests.LoginTestsDM@524f3b3a]" started-at="2026-04-29T21:17:13 IST" name="turnDown" finished-at="2026-04-29T21:17:14 IST" duration-ms="521" status="PASS">
          <reporter-output>
          </reporter-output>
        </test-method> <!-- turnDown -->
      </class> <!-- com.tests.LoginTestsDM -->
    </test> <!-- Test -->
  </suite> <!-- Suite -->
</testng-results>
