<?xml version="1.0" encoding="UTF-8"?>
<testng-results ignored="0" total="2" passed="1" failed="1" skipped="0">
  <reporter-output>
  </reporter-output>
  <suite started-at="2026-04-21T14:40:36 IST" name="Suite" finished-at="2026-04-21T14:40:42 IST" duration-ms="5674">
    <groups>
    </groups>
    <test started-at="2026-04-21T14:40:36 IST" name="Test" finished-at="2026-04-21T14:40:42 IST" duration-ms="5674">
      <class name="com.Test.LoginDemo">
        <test-method signature="loginCheckInValPass(java.lang.String,java.lang.String,java.lang.String)[pri:0, instance:com.Test.LoginDemo@1bb5a082]" started-at="2026-04-21T14:40:36 IST" name="loginCheckInValPass" data-provider="iData" finished-at="2026-04-21T14:40:37 IST" duration-ms="545" status="FAIL">
          <exception class="org.testng.internal.reflect.MethodMatcherException">
            <message>
              <![CDATA[
[public void com.Test.LoginDemo.loginCheckInValPass(java.lang.String,java.lang.String,java.lang.String)] has no parameters defined but was found to be using a data provider (either explicitly specified or inherited from class level annotation).
Data provider mismatch
Method: loginCheckInValPass([java.lang.String arg0, java.lang.String arg1, java.lang.String arg2])
Arguments: [(java.lang.String) adamin,(java.lang.String) admin]]]>
            </message>
            <full-stacktrace>
              <![CDATA[org.testng.internal.reflect.MethodMatcherException: 
[public void com.Test.LoginDemo.loginCheckInValPass(java.lang.String,java.lang.String,java.lang.String)] has no parameters defined but was found to be using a data provider (either explicitly specified or inherited from class level annotation).
Data provider mismatch
Method: loginCheckInValPass([java.lang.String arg0, java.lang.String arg1, java.lang.String arg2])
Arguments: [(java.lang.String) adamin,(java.lang.String) admin]
at org.testng.internal.reflect.DataProviderMethodMatcher.getConformingArguments(DataProviderMethodMatcher.java:46)
at org.testng.internal.Parameters.injectParameters(Parameters.java:915)
at org.testng.internal.invokers.MethodRunner.runInParallel(MethodRunner.java:123)
at org.testng.internal.invokers.TestInvoker$MethodInvocationAgent.invoke(TestInvoker.java:994)
at org.testng.internal.invokers.TestInvoker.invokeTestMethods(TestInvoker.java:203)
at org.testng.internal.invokers.TestMethodWorker.invokeTestMethods(TestMethodWorker.java:154)
at org.testng.internal.invokers.TestMethodWorker.run(TestMethodWorker.java:134)
at java.base/java.util.concurrent.Executors$RunnableAdapter.call(Executors.java:572)
at java.base/java.util.concurrent.FutureTask.run(FutureTask.java:317)
at org.testng.internal.thread.graph.TestNGFutureTask.run(TestNGFutureTask.java:22)
at java.base/java.util.concurrent.ThreadPoolExecutor.runWorker(ThreadPoolExecutor.java:1144)
at java.base/java.util.concurrent.ThreadPoolExecutor$Worker.run(ThreadPoolExecutor.java:642)
at java.base/java.lang.Thread.run(Thread.java:1583)
]]>
            </full-stacktrace>
          </exception> <!-- org.testng.internal.reflect.MethodMatcherException -->
          <reporter-output>
          </reporter-output>
        </test-method> <!-- loginCheckInValPass -->
        <test-method is-config="true" signature="beforeMethod()[pri:0, instance:com.Test.LoginDemo@1bb5a082]" started-at="2026-04-21T14:40:37 IST" name="beforeMethod" finished-at="2026-04-21T14:40:38 IST" duration-ms="1051" status="PASS">
          <reporter-output>
          </reporter-output>
        </test-method> <!-- beforeMethod -->
        <test-method signature="loginCheck(java.lang.String,java.lang.String)[pri:0, instance:com.Test.LoginDemo@1bb5a082]" started-at="2026-04-21T14:40:38 IST" name="loginCheck" data-provider="vData" finished-at="2026-04-21T14:40:42 IST" duration-ms="3855" status="PASS">
          <params>
            <param index="0">
              <value>
                <![CDATA[admin]]>
              </value>
            </param>
            <param index="1">
              <value>
                <![CDATA[admin]]>
              </value>
            </param>
          </params>
          <reporter-output>
          </reporter-output>
        </test-method> <!-- loginCheck -->
        <test-method is-config="true" signature="afterMethod()[pri:0, instance:com.Test.LoginDemo@1bb5a082]" started-at="2026-04-21T14:40:42 IST" name="afterMethod" finished-at="2026-04-21T14:40:42 IST" duration-ms="193" status="PASS">
          <reporter-output>
          </reporter-output>
        </test-method> <!-- afterMethod -->
      </class> <!-- com.Test.LoginDemo -->
    </test> <!-- Test -->
  </suite> <!-- Suite -->
</testng-results>
