<?xml version="1.0" encoding="UTF-8"?>
<!-- Generated by org.testng.reporters.JUnitReportReporter -->
<testsuite hostname="KMPR" failures="0" tests="3" name="com.test.LoginTestDP" time="17.804" errors="0" timestamp="2026-04-21T21:22:02 IST" skipped="0">
  <testcase classname="com.test.LoginTestDP" name="validLogin" time="8.771"/>
  <testcase classname="com.test.LoginTestDP" name="invalidLogin" time="4.820"/>
  <testcase classname="com.test.LoginTestDP" name="invalidLogin" time="4.213"/>
</testsuite> <!-- com.test.LoginTestDP -->
