<?xml version="1.0" encoding="UTF-8"?>
<!-- Generated by org.testng.reporters.JUnitReportReporter -->
<testsuite hostname="KMPR" failures="0" tests="5" name="com.test.LoginTestDP" time="14.683" errors="0" timestamp="2026-04-22T12:37:24 IST" skipped="0">
  <testcase classname="com.test.LoginTestDP" name="validLogin" time="3.386"/>
  <testcase classname="com.test.LoginTestDP" name="invalidLogin" time="3.925"/>
  <testcase classname="com.test.LoginTestDP" name="invalidLogin" time="3.675"/>
  <testcase classname="com.test.LoginTestDP" name="searchValid" time="1.823"/>
  <testcase classname="com.test.LoginTestDP" name="searchInValid" time="1.874"/>
</testsuite> <!-- com.test.LoginTestDP -->
