<?xml version="1.0" encoding="UTF-8"?>
<!-- Generated by org.testng.reporters.JUnitXMLReporter -->
<testsuite ignored="0" hostname="KMPR" failures="0" tests="5" name="Test" time="11.528" errors="0" timestamp="2026-04-22T12:37:24 IST">
  <testcase classname="com.test.LoginTestDP" name="validLogin" time="2.246"/>
  <testcase classname="com.test.LoginTestDP" name="invalidLogin" time="2.781"/>
  <testcase classname="com.test.LoginTestDP" name="invalidLogin" time="3.024"/>
  <testcase classname="com.test.LoginTestDP" name="searchValid" time="0.939"/>
  <testcase classname="com.test.LoginTestDP" name="searchInValid" time="0.974"/>
</testsuite> <!-- Test -->
