<?xml version="1.0" encoding="UTF-8"?>
<!-- Generated by org.testng.reporters.JUnitXMLReporter -->
<testsuite ignored="0" hostname="KMPR" failures="1" tests="5" name="Test" time="11.574" errors="0" timestamp="2026-04-22T14:17:29 IST">
  <testcase classname="com.test.LoginTestDP" name="validLogin" time="1.994"/>
  <testcase classname="com.test.LoginTestDP" name="invalidLogin" time="2.966"/>
  <testcase classname="com.test.LoginTestDP" name="invalidLogin" time="3.175"/>
  <testcase classname="com.test.LoginTestDP" name="searchValid" time="1.035">
    <failure type="java.lang.AssertionError" message="Products Found expected [true] but found [false]">
      <![CDATA[java.lang.AssertionError: Products Found expected [true] but found [false]
at com.test.LoginTestDP.searchValid(LoginTestDP.java:103)
at java.base/java.util.ArrayList.forEach(ArrayList.java:1596)
... Removed 31 stack frames]]>
    </failure>
  </testcase> <!-- searchValid -->
  <testcase classname="com.test.LoginTestDP" name="searchInValid" time="1.158"/>
</testsuite> <!-- Test -->
