<?xml version="1.0" encoding="UTF-8"?>
<testng-results ignored="0" total="2" passed="2" failed="0" skipped="0">
  <reporter-output>
  </reporter-output>
  <suite started-at="2026-04-28T14:04:38 IST" name="Suite" finished-at="2026-04-28T14:04:49 IST" duration-ms="10602">
    <groups>
    </groups>
    <test started-at="2026-04-28T14:04:38 IST" name="Test" finished-at="2026-04-28T14:04:49 IST" duration-ms="10602">
      <class name="com.tests.DashBoardTest">
        <test-method is-config="true" signature="setup()[pri:0, instance:com.tests.DashBoardTest@4116aac9]" started-at="2026-04-28T14:04:43 IST" name="setup" finished-at="2026-04-28T14:04:47 IST" duration-ms="3958" status="PASS">
          <reporter-output>
          </reporter-output>
        </test-method> <!-- setup -->
        <test-method signature="dashBoardTest()[pri:0, instance:com.tests.DashBoardTest@4116aac9]" started-at="2026-04-28T14:04:47 IST" name="dashBoardTest" finished-at="2026-04-28T14:04:48 IST" duration-ms="1910" status="PASS">
          <reporter-output>
          </reporter-output>
        </test-method> <!-- dashBoardTest -->
        <test-method is-config="true" signature="close()[pri:0, instance:com.tests.DashBoardTest@4116aac9]" started-at="2026-04-28T14:04:48 IST" name="close" finished-at="2026-04-28T14:04:49 IST" duration-ms="142" status="PASS">
          <reporter-output>
          </reporter-output>
        </test-method> <!-- close -->
      </class> <!-- com.tests.DashBoardTest -->
      <class name="com.tests.LoginTest">
        <test-method is-config="true" signature="setup()[pri:0, instance:com.tests.LoginTest@9d5509a]" started-at="2026-04-28T14:04:38 IST" name="setup" finished-at="2026-04-28T14:04:42 IST" duration-ms="3904" status="PASS">
          <reporter-output>
          </reporter-output>
        </test-method> <!-- setup -->
        <test-method signature="loginTest()[pri:0, instance:com.tests.LoginTest@9d5509a]" started-at="2026-04-28T14:04:42 IST" name="loginTest" finished-at="2026-04-28T14:04:42 IST" duration-ms="488" status="PASS">
          <reporter-output>
          </reporter-output>
        </test-method> <!-- loginTest -->
        <test-method is-config="true" signature="close()[pri:0, instance:com.tests.LoginTest@9d5509a]" started-at="2026-04-28T14:04:42 IST" name="close" finished-at="2026-04-28T14:04:43 IST" duration-ms="156" status="PASS">
          <reporter-output>
          </reporter-output>
        </test-method> <!-- close -->
      </class> <!-- com.tests.LoginTest -->
    </test> <!-- Test -->
  </suite> <!-- Suite -->
</testng-results>
