<?xml version="1.0" encoding="UTF-8"?>
<!-- Generated by org.testng.reporters.JUnitReportReporter -->
<testsuite hostname="KMPR" failures="0" tests="3" name="com.test.TestNgOrder_Run" time="0.005" errors="0" timestamp="2026-04-20T14:56:06 IST" skipped="0">
  <testcase classname="com.test.TestNgOrder_Run" name="c" time="0.002"/>
  <testcase classname="com.test.TestNgOrder_Run" name="a" time="0.002"/>
  <testcase classname="com.test.TestNgOrder_Run" name="b" time="0.001"/>
</testsuite> <!-- com.test.TestNgOrder_Run -->
