<?xml version="1.0" encoding="UTF-8"?>
<testng-results ignored="0" total="5" passed="5" failed="0" skipped="0">
  <reporter-output>
  </reporter-output>
  <suite started-at="2026-04-22T09:52:39 IST" name="Suite" finished-at="2026-04-22T09:52:51 IST" duration-ms="12215">
    <groups>
    </groups>
    <test started-at="2026-04-22T09:52:39 IST" name="Test" finished-at="2026-04-22T09:52:51 IST" duration-ms="12215">
      <class name="com.test.LoginTestDP">
        <test-method is-config="true" signature="setup()[pri:0, instance:com.test.LoginTestDP@45752059]" started-at="2026-04-22T09:52:39 IST" name="setup" finished-at="2026-04-22T09:52:40 IST" duration-ms="1111" status="PASS">
          <reporter-output>
          </reporter-output>
        </test-method> <!-- setup -->
        <test-method is-config="true" signature="setup()[pri:0, instance:com.test.LoginTestDP@45752059]" started-at="2026-04-22T09:52:39 IST" name="setup" finished-at="2026-04-22T09:52:40 IST" duration-ms="1111" status="PASS">
          <reporter-output>
          </reporter-output>
        </test-method> <!-- setup -->
        <test-method signature="invalidLogin(java.lang.String,java.lang.String)[pri:0, instance:com.test.LoginTestDP@45752059]" started-at="2026-04-22T09:52:40 IST" name="invalidLogin" data-provider="iData" finished-at="2026-04-22T09:52:43 IST" duration-ms="2387" status="PASS">
          <params>
            <param index="0">
              <value>
                <![CDATA[mp3gaming12@gmail.com]]>
              </value>
            </param>
            <param index="1">
              <value>
                <![CDATA[a1234]]>
              </value>
            </param>
          </params>
          <reporter-output>
          </reporter-output>
        </test-method> <!-- invalidLogin -->
        <test-method signature="invalidLogin(java.lang.String,java.lang.String)[pri:0, instance:com.test.LoginTestDP@45752059]" started-at="2026-04-22T09:52:40 IST" name="invalidLogin" data-provider="iData" finished-at="2026-04-22T09:52:43 IST" duration-ms="2509" status="PASS">
          <params>
            <param index="0">
              <value>
                <![CDATA[abc@gmail.com]]>
              </value>
            </param>
            <param index="1">
              <value>
                <![CDATA[ra123]]>
              </value>
            </param>
          </params>
          <reporter-output>
          </reporter-output>
        </test-method> <!-- invalidLogin -->
        <test-method is-config="true" signature="tearDown()[pri:0, instance:com.test.LoginTestDP@45752059]" started-at="2026-04-22T09:52:43 IST" name="tearDown" finished-at="2026-04-22T09:52:43 IST" duration-ms="163" status="PASS">
          <reporter-output>
          </reporter-output>
        </test-method> <!-- tearDown -->
        <test-method is-config="true" signature="tearDown()[pri:0, instance:com.test.LoginTestDP@45752059]" started-at="2026-04-22T09:52:43 IST" name="tearDown" finished-at="2026-04-22T09:52:43 IST" duration-ms="283" status="PASS">
          <reporter-output>
          </reporter-output>
        </test-method> <!-- tearDown -->
        <test-method is-config="true" signature="setup()[pri:0, instance:com.test.LoginTestDP@45752059]" started-at="2026-04-22T09:52:43 IST" name="setup" finished-at="2026-04-22T09:52:44 IST" duration-ms="737" status="PASS">
          <reporter-output>
          </reporter-output>
        </test-method> <!-- setup -->
        <test-method signature="searchInValid(java.lang.String)[pri:0, instance:com.test.LoginTestDP@45752059]" started-at="2026-04-22T09:52:44 IST" name="searchInValid" finished-at="2026-04-22T09:52:45 IST" duration-ms="1213" status="PASS">
          <params>
            <param index="0">
              <value>
                <![CDATA[kiot]]>
              </value>
            </param>
          </params>
          <reporter-output>
          </reporter-output>
        </test-method> <!-- searchInValid -->
        <test-method is-config="true" signature="tearDown()[pri:0, instance:com.test.LoginTestDP@45752059]" started-at="2026-04-22T09:52:45 IST" name="tearDown" finished-at="2026-04-22T09:52:45 IST" duration-ms="184" status="PASS">
          <reporter-output>
          </reporter-output>
        </test-method> <!-- tearDown -->
        <test-method is-config="true" signature="setup()[pri:0, instance:com.test.LoginTestDP@45752059]" started-at="2026-04-22T09:52:45 IST" name="setup" finished-at="2026-04-22T09:52:46 IST" duration-ms="648" status="PASS">
          <reporter-output>
          </reporter-output>
        </test-method> <!-- setup -->
        <test-method signature="searchValid(java.lang.String)[pri:0, instance:com.test.LoginTestDP@45752059]" started-at="2026-04-22T09:52:46 IST" name="searchValid" finished-at="2026-04-22T09:52:48 IST" duration-ms="1729" status="PASS">
          <params>
            <param index="0">
              <value>
                <![CDATA[mac]]>
              </value>
            </param>
          </params>
          <reporter-output>
          </reporter-output>
        </test-method> <!-- searchValid -->
        <test-method is-config="true" signature="tearDown()[pri:0, instance:com.test.LoginTestDP@45752059]" started-at="2026-04-22T09:52:48 IST" name="tearDown" finished-at="2026-04-22T09:52:48 IST" duration-ms="129" status="PASS">
          <reporter-output>
          </reporter-output>
        </test-method> <!-- tearDown -->
        <test-method is-config="true" signature="setup()[pri:0, instance:com.test.LoginTestDP@45752059]" started-at="2026-04-22T09:52:48 IST" name="setup" finished-at="2026-04-22T09:52:48 IST" duration-ms="659" status="PASS">
          <reporter-output>
          </reporter-output>
        </test-method> <!-- setup -->
        <test-method signature="validLogin(java.lang.String,java.lang.String)[pri:0, instance:com.test.LoginTestDP@45752059]" started-at="2026-04-22T09:52:48 IST" name="validLogin" data-provider="vData" finished-at="2026-04-22T09:52:51 IST" duration-ms="2251" status="PASS">
          <params>
            <param index="0">
              <value>
                <![CDATA[mp3gaming12@gmail.com]]>
              </value>
            </param>
            <param index="1">
              <value>
                <![CDATA[ra123]]>
              </value>
            </param>
          </params>
          <reporter-output>
          </reporter-output>
        </test-method> <!-- validLogin -->
        <test-method is-config="true" signature="tearDown()[pri:0, instance:com.test.LoginTestDP@45752059]" started-at="2026-04-22T09:52:51 IST" name="tearDown" finished-at="2026-04-22T09:52:51 IST" duration-ms="147" status="PASS">
          <reporter-output>
          </reporter-output>
        </test-method> <!-- tearDown -->
      </class> <!-- com.test.LoginTestDP -->
    </test> <!-- Test -->
  </suite> <!-- Suite -->
</testng-results>
