<?xml version="1.0" encoding="UTF-8"?>
<testng-results ignored="0" total="5" passed="4" failed="1" skipped="0">
  <reporter-output>
  </reporter-output>
  <suite started-at="2026-04-22T14:17:17 IST" name="Suite" finished-at="2026-04-22T14:17:29 IST" duration-ms="11574">
    <groups>
    </groups>
    <test started-at="2026-04-22T14:17:17 IST" name="Test" finished-at="2026-04-22T14:17:29 IST" duration-ms="11574">
      <class name="com.test.LoginTestDP">
        <test-method is-config="true" signature="setup()[pri:0, instance:com.test.LoginTestDP@332796d3]" started-at="2026-04-22T14:17:18 IST" name="setup" finished-at="2026-04-22T14:17:19 IST" duration-ms="1021" status="PASS">
          <reporter-output>
          </reporter-output>
        </test-method> <!-- setup -->
        <test-method signature="validLogin(java.lang.String,java.lang.String)[pri:1, instance:com.test.LoginTestDP@332796d3]" started-at="2026-04-22T14:17:19 IST" name="validLogin" data-provider="vData" finished-at="2026-04-22T14:17:21 IST" duration-ms="1994" status="PASS">
          <params>
            <param index="0">
              <value>
                <![CDATA[mp3gaming12@gmail.com]]>
              </value>
            </param>
            <param index="1">
              <value>
                <![CDATA[ra123]]>
              </value>
            </param>
          </params>
          <reporter-output>
          </reporter-output>
        </test-method> <!-- validLogin -->
        <test-method is-config="true" signature="tearDown()[pri:0, instance:com.test.LoginTestDP@332796d3]" started-at="2026-04-22T14:17:21 IST" name="tearDown" finished-at="2026-04-22T14:17:21 IST" duration-ms="145" status="PASS">
          <reporter-output>
          </reporter-output>
        </test-method> <!-- tearDown -->
        <test-method is-config="true" signature="setup()[pri:0, instance:com.test.LoginTestDP@332796d3]" started-at="2026-04-22T14:17:21 IST" name="setup" finished-at="2026-04-22T14:17:22 IST" duration-ms="815" status="PASS">
          <reporter-output>
          </reporter-output>
        </test-method> <!-- setup -->
        <test-method is-config="true" signature="setup()[pri:0, instance:com.test.LoginTestDP@332796d3]" started-at="2026-04-22T14:17:21 IST" name="setup" finished-at="2026-04-22T14:17:22 IST" duration-ms="816" status="PASS">
          <reporter-output>
          </reporter-output>
        </test-method> <!-- setup -->
        <test-method signature="invalidLogin(java.lang.String,java.lang.String)[pri:2, instance:com.test.LoginTestDP@332796d3]" started-at="2026-04-22T14:17:22 IST" name="invalidLogin" data-provider="iData" finished-at="2026-04-22T14:17:25 IST" duration-ms="2966" status="PASS">
          <params>
            <param index="0">
              <value>
                <![CDATA[mp3gaming12@gmail.com]]>
              </value>
            </param>
            <param index="1">
              <value>
                <![CDATA[a1234]]>
              </value>
            </param>
          </params>
          <reporter-output>
          </reporter-output>
        </test-method> <!-- invalidLogin -->
        <test-method signature="invalidLogin(java.lang.String,java.lang.String)[pri:2, instance:com.test.LoginTestDP@332796d3]" started-at="2026-04-22T14:17:22 IST" name="invalidLogin" data-provider="iData" finished-at="2026-04-22T14:17:25 IST" duration-ms="3175" status="PASS">
          <params>
            <param index="0">
              <value>
                <![CDATA[abc@gmail.com]]>
              </value>
            </param>
            <param index="1">
              <value>
                <![CDATA[ra123]]>
              </value>
            </param>
          </params>
          <reporter-output>
          </reporter-output>
        </test-method> <!-- invalidLogin -->
        <test-method is-config="true" signature="tearDown()[pri:0, instance:com.test.LoginTestDP@332796d3]" started-at="2026-04-22T14:17:25 IST" name="tearDown" finished-at="2026-04-22T14:17:25 IST" duration-ms="124" status="PASS">
          <reporter-output>
          </reporter-output>
        </test-method> <!-- tearDown -->
        <test-method is-config="true" signature="tearDown()[pri:0, instance:com.test.LoginTestDP@332796d3]" started-at="2026-04-22T14:17:25 IST" name="tearDown" finished-at="2026-04-22T14:17:25 IST" duration-ms="136" status="PASS">
          <reporter-output>
          </reporter-output>
        </test-method> <!-- tearDown -->
        <test-method is-config="true" signature="setup()[pri:0, instance:com.test.LoginTestDP@332796d3]" started-at="2026-04-22T14:17:25 IST" name="setup" finished-at="2026-04-22T14:17:26 IST" duration-ms="673" status="PASS">
          <reporter-output>
          </reporter-output>
        </test-method> <!-- setup -->
        <test-method signature="searchValid(java.lang.String)[pri:3, instance:com.test.LoginTestDP@332796d3]" started-at="2026-04-22T14:17:26 IST" name="searchValid" finished-at="2026-04-22T14:17:27 IST" duration-ms="1035" status="FAIL">
          <params>
            <param index="0">
              <value>
                <![CDATA[mac]]>
              </value>
            </param>
          </params>
          <exception class="java.lang.AssertionError">
            <message>
              <![CDATA[Products Found expected [true] but found [false]]]>
            </message>
            <full-stacktrace>
              <![CDATA[java.lang.AssertionError: Products Found expected [true] but found [false]
at org.testng.Assert.fail(Assert.java:111)
at org.testng.Assert.failNotEquals(Assert.java:1590)
at org.testng.Assert.assertEqualsImpl(Assert.java:150)
at org.testng.Assert.assertEquals(Assert.java:132)
at org.testng.Assert.assertEquals(Assert.java:1079)
at org.testng.Assert.assertEquals(Assert.java:1043)
at com.test.LoginTestDP.searchValid(LoginTestDP.java:103)
at java.base/jdk.internal.reflect.DirectMethodHandleAccessor.invoke(DirectMethodHandleAccessor.java:103)
at java.base/java.lang.reflect.Method.invoke(Method.java:580)
at org.testng.internal.invokers.MethodInvocationHelper.invokeMethod(MethodInvocationHelper.java:141)
at org.testng.internal.invokers.TestInvoker.invokeMethod(TestInvoker.java:697)
at org.testng.internal.invokers.TestInvoker.invokeTestMethod(TestInvoker.java:230)
at org.testng.internal.invokers.MethodRunner.runInSequence(MethodRunner.java:63)
at org.testng.internal.invokers.TestInvoker$MethodInvocationAgent.invoke(TestInvoker.java:1005)
at org.testng.internal.invokers.TestInvoker.invokeTestMethods(TestInvoker.java:203)
at org.testng.internal.invokers.TestMethodWorker.invokeTestMethods(TestMethodWorker.java:154)
at org.testng.internal.invokers.TestMethodWorker.run(TestMethodWorker.java:134)
at java.base/java.util.ArrayList.forEach(ArrayList.java:1596)
at org.testng.TestRunner.privateRun(TestRunner.java:744)
at org.testng.TestRunner.run(TestRunner.java:616)
at org.testng.SuiteRunner.runTest(SuiteRunner.java:421)
at org.testng.SuiteRunner.runSequentially(SuiteRunner.java:413)
at org.testng.SuiteRunner.privateRun(SuiteRunner.java:373)
at org.testng.SuiteRunner.run(SuiteRunner.java:312)
at org.testng.SuiteRunnerWorker.runSuite(SuiteRunnerWorker.java:52)
at org.testng.SuiteRunnerWorker.run(SuiteRunnerWorker.java:95)
at org.testng.TestNG.runSuitesSequentially(TestNG.java:1274)
at org.testng.TestNG.runSuitesLocally(TestNG.java:1208)
at org.testng.TestNG.runSuites(TestNG.java:1112)
at org.testng.TestNG.run(TestNG.java:1079)
at org.testng.remote.AbstractRemoteTestNG.run(AbstractRemoteTestNG.java:115)
at org.testng.remote.RemoteTestNG.initAndRun(RemoteTestNG.java:293)
at org.testng.remote.RemoteTestNG.main(RemoteTestNG.java:91)
]]>
            </full-stacktrace>
          </exception> <!-- java.lang.AssertionError -->
          <reporter-output>
          </reporter-output>
        </test-method> <!-- searchValid -->
        <test-method is-config="true" signature="tearDown()[pri:0, instance:com.test.LoginTestDP@332796d3]" started-at="2026-04-22T14:17:27 IST" name="tearDown" finished-at="2026-04-22T14:17:27 IST" duration-ms="142" status="PASS">
          <reporter-output>
          </reporter-output>
        </test-method> <!-- tearDown -->
        <test-method is-config="true" signature="setup()[pri:0, instance:com.test.LoginTestDP@332796d3]" started-at="2026-04-22T14:17:27 IST" name="setup" finished-at="2026-04-22T14:17:28 IST" duration-ms="644" status="PASS">
          <reporter-output>
          </reporter-output>
        </test-method> <!-- setup -->
        <test-method signature="searchInValid(java.lang.String)[pri:4, instance:com.test.LoginTestDP@332796d3]" started-at="2026-04-22T14:17:28 IST" name="searchInValid" finished-at="2026-04-22T14:17:29 IST" duration-ms="1158" status="PASS">
          <params>
            <param index="0">
              <value>
                <![CDATA[kiot]]>
              </value>
            </param>
          </params>
          <reporter-output>
          </reporter-output>
        </test-method> <!-- searchInValid -->
        <test-method is-config="true" signature="tearDown()[pri:0, instance:com.test.LoginTestDP@332796d3]" started-at="2026-04-22T14:17:29 IST" name="tearDown" finished-at="2026-04-22T14:17:29 IST" duration-ms="131" status="PASS">
          <reporter-output>
          </reporter-output>
        </test-method> <!-- tearDown -->
      </class> <!-- com.test.LoginTestDP -->
    </test> <!-- Test -->
  </suite> <!-- Suite -->
</testng-results>
