<?xml version="1.0" encoding="UTF-8"?>
<!-- Generated by org.testng.reporters.JUnitReportReporter -->
<testsuite hostname="KMPR" failures="0" tests="3" name="com.tests.DashboardTestsDM" time="24.507" errors="2" timestamp="2026-04-29T21:17:36 IST" skipped="0">
  <testcase classname="com.tests.DashboardTestsDM" name="dashBoardTestvalid" time="14.327"/>
  <testcase classname="com.tests.DashboardTestsDM" name="dashBoardTestinvalid" time="4.938">
    <error message="Unresolved compilation problem: 
	The method aleIsPresent() is undefined for the type ExpectedConditions
" type="java.lang.Error">
      <![CDATA[java.lang.Error: Unresolved compilation problem: 
The method aleIsPresent() is undefined for the type ExpectedConditions

at com.tests.DashboardTestsDM.dashBoardTestinvalid(DashboardTestsDM.java:59)
at java.base/jdk.internal.reflect.DirectMethodHandleAccessor.invoke(DirectMethodHandleAccessor.java:103)
at java.base/java.lang.reflect.Method.invoke(Method.java:580)
at org.testng.internal.invokers.MethodInvocationHelper.invokeMethod(MethodInvocationHelper.java:141)
at org.testng.internal.invokers.TestInvoker.invokeMethod(TestInvoker.java:697)
at org.testng.internal.invokers.TestInvoker.invokeTestMethod(TestInvoker.java:230)
at org.testng.internal.invokers.TestMethodWithDataProviderMethodWorker.call(TestMethodWithDataProviderMethodWorker.java:81)
at org.testng.internal.thread.Async$AsyncTask.run(Async.java:34)
at java.base/java.util.concurrent.ThreadPoolExecutor.runWorker(ThreadPoolExecutor.java:1144)
at java.base/java.util.concurrent.ThreadPoolExecutor$Worker.run(ThreadPoolExecutor.java:642)
at java.base/java.lang.Thread.run(Thread.java:1583)
]]>
    </error>
  </testcase> <!-- dashBoardTestinvalid -->
  <testcase classname="com.tests.DashboardTestsDM" name="dashBoardTestinvalid" time="5.242">
    <error message="Unresolved compilation problem: 
	The method aleIsPresent() is undefined for the type ExpectedConditions
" type="java.lang.Error">
      <![CDATA[java.lang.Error: Unresolved compilation problem: 
The method aleIsPresent() is undefined for the type ExpectedConditions

at com.tests.DashboardTestsDM.dashBoardTestinvalid(DashboardTestsDM.java:59)
at java.base/jdk.internal.reflect.DirectMethodHandleAccessor.invoke(DirectMethodHandleAccessor.java:103)
at java.base/java.lang.reflect.Method.invoke(Method.java:580)
at org.testng.internal.invokers.MethodInvocationHelper.invokeMethod(MethodInvocationHelper.java:141)
at org.testng.internal.invokers.TestInvoker.invokeMethod(TestInvoker.java:697)
at org.testng.internal.invokers.TestInvoker.invokeTestMethod(TestInvoker.java:230)
at org.testng.internal.invokers.TestMethodWithDataProviderMethodWorker.call(TestMethodWithDataProviderMethodWorker.java:81)
at org.testng.internal.thread.Async$AsyncTask.run(Async.java:34)
at java.base/java.util.concurrent.ThreadPoolExecutor.runWorker(ThreadPoolExecutor.java:1144)
at java.base/java.util.concurrent.ThreadPoolExecutor$Worker.run(ThreadPoolExecutor.java:642)
at java.base/java.lang.Thread.run(Thread.java:1583)
]]>
    </error>
  </testcase> <!-- dashBoardTestinvalid -->
</testsuite> <!-- com.tests.DashboardTestsDM -->
