<?xml version="1.0" encoding="UTF-8"?>
<!-- Generated by org.testng.reporters.JUnitXMLReporter -->
<testsuite ignored="0" hostname="KMPR" failures="0" tests="3" name="Test" time="25.429" errors="0" timestamp="2026-04-20T14:11:51 IST">
  <testcase classname="demoblaze.DemoBlaze" name="validation" time="1.058"/>
  <testcase classname="demoblaze.DemoBlaze" name="invalid_with_username" time="1.955"/>
  <testcase classname="demoblaze.DemoBlaze" name="invalid_with_prass" time="2.019"/>
</testsuite> <!-- Test -->
