<?xml version="1.0" encoding="UTF-8"?>
<!-- Generated by org.testng.reporters.JUnitXMLReporter -->
<testsuite ignored="0" hostname="KMPR" failures="2" tests="4" name="Test" time="28.231" errors="0" timestamp="2026-04-29T21:17:36 IST">
  <testcase classname="com.tests.LoginTestsDM" name="landingPageTest" time="0.214"/>
  <testcase classname="com.tests.DashboardTestsDM" name="dashBoardTestvalid" time="6.952"/>
  <testcase classname="com.tests.DashboardTestsDM" name="dashBoardTestinvalid" time="0.007">
    <failure type="java.lang.Error" message="Unresolved compilation problem: 
	The method aleIsPresent() is undefined for the type ExpectedConditions
">
      <![CDATA[java.lang.Error: Unresolved compilation problem: 
The method aleIsPresent() is undefined for the type ExpectedConditions

at com.tests.DashboardTestsDM.dashBoardTestinvalid(DashboardTestsDM.java:59)
at java.base/java.util.concurrent.ThreadPoolExecutor.runWorker(ThreadPoolExecutor.java:1144)
at java.base/java.util.concurrent.ThreadPoolExecutor$Worker.run(ThreadPoolExecutor.java:642)
at java.base/java.lang.Thread.run(Thread.java:1583)
... Removed 7 stack frames]]>
    </failure>
  </testcase> <!-- dashBoardTestinvalid -->
  <testcase classname="com.tests.DashboardTestsDM" name="dashBoardTestinvalid" time="0.004">
    <failure type="java.lang.Error" message="Unresolved compilation problem: 
	The method aleIsPresent() is undefined for the type ExpectedConditions
">
      <![CDATA[java.lang.Error: Unresolved compilation problem: 
The method aleIsPresent() is undefined for the type ExpectedConditions

at com.tests.DashboardTestsDM.dashBoardTestinvalid(DashboardTestsDM.java:59)
at java.base/java.util.concurrent.ThreadPoolExecutor.runWorker(ThreadPoolExecutor.java:1144)
at java.base/java.util.concurrent.ThreadPoolExecutor$Worker.run(ThreadPoolExecutor.java:642)
at java.base/java.lang.Thread.run(Thread.java:1583)
... Removed 7 stack frames]]>
    </failure>
  </testcase> <!-- dashBoardTestinvalid -->
</testsuite> <!-- Test -->
