<?xml version="1.0" encoding="UTF-8"?>
<!-- Generated by org.testng.reporters.JUnitXMLReporter -->
<testsuite ignored="0" hostname="KMPR" failures="1" tests="2" name="Test" time="5.674" errors="0" timestamp="2026-04-21T14:40:42 IST">
  <testcase classname="com.Test.LoginDemo" name="loginCheckInValPass" time="0.545">
    <failure type="org.testng.internal.reflect.MethodMatcherException" message="
[public void com.Test.LoginDemo.loginCheckInValPass(java.lang.String,java.lang.String,java.lang.String)] has no parameters defined but was found to be using a data provider (either explicitly specified or inherited from class level annotation).
Data provider mismatch
Method: loginCheckInValPass([java.lang.String arg0, java.lang.String arg1, java.lang.String arg2])
Arguments: [(java.lang.String) adamin,(java.lang.String) admin]">
      <![CDATA[org.testng.internal.reflect.MethodMatcherException: 
[public void com.Test.LoginDemo.loginCheckInValPass(java.lang.String,java.lang.String,java.lang.String)] has no parameters defined but was found to be using a data provider (either explicitly specified or inherited from class level annotation).
Data provider mismatch
Method: loginCheckInValPass([java.lang.String arg0, java.lang.String arg1, java.lang.String arg2])
Arguments: [(java.lang.String) adamin,(java.lang.String) admin]
at java.base/java.util.concurrent.Executors$RunnableAdapter.call(Executors.java:572)
at java.base/java.util.concurrent.FutureTask.run(FutureTask.java:317)
at java.base/java.util.concurrent.ThreadPoolExecutor.runWorker(ThreadPoolExecutor.java:1144)
at java.base/java.util.concurrent.ThreadPoolExecutor$Worker.run(ThreadPoolExecutor.java:642)
at java.base/java.lang.Thread.run(Thread.java:1583)
... Removed 8 stack frames]]>
    </failure>
  </testcase> <!-- loginCheckInValPass -->
  <testcase classname="com.Test.LoginDemo" name="loginCheck" time="3.855"/>
</testsuite> <!-- Test -->
