<?xml version="1.0" encoding="UTF-8"?>
<!-- Generated by org.testng.reporters.JUnitXMLReporter -->
<testsuite ignored="0" hostname="KMPR" failures="2" tests="3" name="Test" time="10.767" errors="0" timestamp="2026-04-28T09:33:15 IST">
  <testcase classname="com.test.LoginDemo" name="vCase" time="3.316"/>
  <testcase classname="com.test.LoginDemo" name="ivCase" time="3.817">
    <failure type="java.lang.AssertionError" message="expected [Warning: No match for  Address and/or Password.] but found [Warning: No match for E-Mail Address and/or Password.]">
      <![CDATA[java.lang.AssertionError: expected [Warning: No match for  Address and/or Password.] but found [Warning: No match for E-Mail Address and/or Password.]
at com.test.LoginDemo.ivCase(LoginDemo.java:79)
at java.base/java.util.concurrent.ThreadPoolExecutor.runWorker(ThreadPoolExecutor.java:1144)
at java.base/java.util.concurrent.ThreadPoolExecutor$Worker.run(ThreadPoolExecutor.java:642)
at java.base/java.lang.Thread.run(Thread.java:1583)
... Removed 13 stack frames]]>
    </failure>
  </testcase> <!-- ivCase -->
  <testcase classname="com.test.LoginDemo" name="ivCase" time="3.901">
    <failure type="java.lang.AssertionError" message="expected [Warning: No match for  Address and/or Password.] but found [Warning: No match for E-Mail Address and/or Password.]">
      <![CDATA[java.lang.AssertionError: expected [Warning: No match for  Address and/or Password.] but found [Warning: No match for E-Mail Address and/or Password.]
at com.test.LoginDemo.ivCase(LoginDemo.java:79)
at java.base/java.util.concurrent.ThreadPoolExecutor.runWorker(ThreadPoolExecutor.java:1144)
at java.base/java.util.concurrent.ThreadPoolExecutor$Worker.run(ThreadPoolExecutor.java:642)
at java.base/java.lang.Thread.run(Thread.java:1583)
... Removed 13 stack frames]]>
    </failure>
  </testcase> <!-- ivCase -->
</testsuite> <!-- Test -->
