<?xml version="1.0" encoding="UTF-8"?>
<!-- Generated by org.testng.reporters.JUnitXMLReporter -->
<testsuite ignored="3" hostname="KMPR" failures="1" tests="1" name="Test(failed)" time="2.888" errors="0" timestamp="2026-04-22T14:11:12 IST">
  <testcase classname="com.test.LoginTestDP" name="searchValid" time="1.664">
    <failure type="java.lang.AssertionError" message="Products Found expected [true] but found [false]">
      <![CDATA[java.lang.AssertionError: Products Found expected [true] but found [false]
at com.test.LoginTestDP.searchValid(LoginTestDP.java:103)
at java.base/java.util.ArrayList.forEach(ArrayList.java:1596)
... Removed 31 stack frames]]>
    </failure>
  </testcase> <!-- searchValid -->
  <testcase classname="com.test.LoginTestDP" name="invalidLogin" time="0.0">
    <ignored/>
  </testcase> <!-- invalidLogin -->
  <testcase classname="com.test.LoginTestDP" name="searchInValid" time="0.0">
    <ignored/>
  </testcase> <!-- searchInValid -->
  <testcase classname="com.test.LoginTestDP" name="validLogin" time="0.0">
    <ignored/>
  </testcase> <!-- validLogin -->
</testsuite> <!-- Test(failed) -->
